# JRE version: OpenJDK Runtime Environment (17.0.6) (build 17.0.6+0-b2043.56-10027231)
# Java VM: OpenJDK 64-Bit Server VM (17.0.6+0-b2043.56-10027231, mixed mode, tiered, compressed oops, compressed class ptrs, g1 gc, windows-amd64)
GC Precious Log:
 CPUs: 8 total, 8 available
 Memory: 16334M
 Large Page Support: Disabled
 NUMA Support: Disabled
 Compressed Oops: Enabled (32-bit)
 Heap Region Size: 1M
 Heap Min Capacity: 8M
 Heap Initial Capacity: 256M
 Heap Max Capacity: 2G
 Pre-touch: Disabled
 Parallel Workers: 8
 Concurrent Workers: 2
 Concurrent Refinement Workers: 8
 Periodic GC: Disabled
Heap:
 garbage-first heap   total 355328K, used 239616K [0x0000000080000000, 0x0000000100000000)
  region size 1024K, 29 young (29696K), 7 survivors (7168K)
 Metaspace       used 121503K, committed 122368K, reserved 1155072K
  class space    used 16449K, committed 16832K, reserved 1048576K
GC Heap History (20 events):
Event: 25.152 GC heap before
{Heap before GC invocations=54 (full 0):
 garbage-first heap   total 256000K, used 194862K [0x0000000080000000, 0x0000000100000000)
  region size 1024K, 70 young (71680K), 14 survivors (14336K)
 Metaspace       used 102216K, committed 102976K, reserved 1138688K
  class space    used 13878K, committed 14272K, reserved 1048576K
}
Event: 25.163 GC heap after
{Heap after GC invocations=55 (full 0):
 garbage-first heap   total 256000K, used 124719K [0x0000000080000000, 0x0000000100000000)
  region size 1024K, 8 young (8192K), 8 survivors (8192K)
 Metaspace       used 102216K, committed 102976K, reserved 1138688K
  class space    used 13878K, committed 14272K, reserved 1048576K
}
Event: 25.675 GC heap before
{Heap before GC invocations=55 (full 0):
 garbage-first heap   total 256000K, used 187183K [0x0000000080000000, 0x0000000100000000)
  region size 1024K, 70 young (71680K), 8 survivors (8192K)
 Metaspace       used 105625K, committed 106432K, reserved 1146880K
  class space    used 14165K, committed 14528K, reserved 1048576K
}
Event: 25.686 GC heap after
{Heap after GC invocations=56 (full 0):
 garbage-first heap   total 256000K, used 130837K [0x0000000080000000, 0x0000000100000000)
  region size 1024K, 6 young (6144K), 6 survivors (6144K)
 Metaspace       used 105625K, committed 106432K, reserved 1146880K
  class space    used 14165K, committed 14528K, reserved 1048576K
}
Event: 26.025 GC heap before
{Heap before GC invocations=56 (full 0):
 garbage-first heap   total 256000K, used 193301K [0x0000000080000000, 0x0000000100000000)
  region size 1024K, 68 young (69632K), 6 survivors (6144K)
 Metaspace       used 107339K, committed 108096K, reserved 1146880K
  class space    used 14370K, committed 14720K, reserved 1048576K
}
Event: 26.030 GC heap after
{Heap after GC invocations=57 (full 0):
 garbage-first heap   total 256000K, used 132670K [0x0000000080000000, 0x0000000100000000)
  region size 1024K, 5 young (5120K), 5 survivors (5120K)
 Metaspace       used 107339K, committed 108096K, reserved 1146880K
  class space    used 14370K, committed 14720K, reserved 1048576K
}
Event: 26.615 GC heap before
{Heap before GC invocations=57 (full 0):
 garbage-first heap   total 256000K, used 199230K [0x0000000080000000, 0x0000000100000000)
  region size 1024K, 71 young (72704K), 5 survivors (5120K)
 Metaspace       used 109099K, committed 109824K, reserved 1146880K
  class space    used 14567K, committed 14912K, reserved 1048576K
}
Event: 26.621 GC heap after
{Heap after GC invocations=58 (full 0):
 garbage-first heap   total 256000K, used 135503K [0x0000000080000000, 0x0000000100000000)
  region size 1024K, 8 young (8192K), 8 survivors (8192K)
 Metaspace       used 109099K, committed 109824K, reserved 1146880K
  class space    used 14567K, committed 14912K, reserved 1048576K
}
Event: 27.056 GC heap before
{Heap before GC invocations=58 (full 0):
 garbage-first heap   total 256000K, used 217423K [0x0000000080000000, 0x0000000100000000)
  region size 1024K, 78 young (79872K), 8 survivors (8192K)
 Metaspace       used 110663K, committed 111424K, reserved 1146880K
  class space    used 14751K, committed 15104K, reserved 1048576K
}
Event: 27.065 GC heap after
{Heap after GC invocations=59 (full 0):
 garbage-first heap   total 256000K, used 153767K [0x0000000080000000, 0x0000000100000000)
  region size 1024K, 10 young (10240K), 10 survivors (10240K)
 Metaspace       used 110663K, committed 111424K, reserved 1146880K
  class space    used 14751K, committed 15104K, reserved 1048576K
}
Event: 27.347 GC heap before
{Heap before GC invocations=59 (full 0):
 garbage-first heap   total 256000K, used 184487K [0x0000000080000000, 0x0000000100000000)
  region size 1024K, 30 young (30720K), 10 survivors (10240K)
 Metaspace       used 113841K, committed 114688K, reserved 1155072K
  class space    used 15191K, committed 15616K, reserved 1048576K
}
Event: 27.355 GC heap after
{Heap after GC invocations=60 (full 0):
 garbage-first heap   total 256000K, used 163204K [0x0000000080000000, 0x0000000100000000)
  region size 1024K, 3 young (3072K), 3 survivors (3072K)
 Metaspace       used 113841K, committed 114688K, reserved 1155072K
  class space    used 15191K, committed 15616K, reserved 1048576K
}
Event: 27.852 GC heap before
{Heap before GC invocations=61 (full 0):
 garbage-first heap   total 295936K, used 211332K [0x0000000080000000, 0x0000000100000000)
  region size 1024K, 49 young (50176K), 3 survivors (3072K)
 Metaspace       used 114251K, committed 115072K, reserved 1155072K
  class space    used 15256K, committed 15680K, reserved 1048576K
}
Event: 27.866 GC heap after
{Heap after GC invocations=62 (full 0):
 garbage-first heap   total 295936K, used 169108K [0x0000000080000000, 0x0000000100000000)
  region size 1024K, 7 young (7168K), 7 survivors (7168K)
 Metaspace       used 114251K, committed 115072K, reserved 1155072K
  class space    used 15256K, committed 15680K, reserved 1048576K
}
Event: 27.904 GC heap before
{Heap before GC invocations=62 (full 0):
 garbage-first heap   total 295936K, used 176276K [0x0000000080000000, 0x0000000100000000)
  region size 1024K, 14 young (14336K), 7 survivors (7168K)
 Metaspace       used 114251K, committed 115072K, reserved 1155072K
  class space    used 15256K, committed 15680K, reserved 1048576K
}
Event: 27.916 GC heap after
{Heap after GC invocations=63 (full 0):
 garbage-first heap   total 355328K, used 162505K [0x0000000080000000, 0x0000000100000000)
  region size 1024K, 2 young (2048K), 2 survivors (2048K)
 Metaspace       used 114251K, committed 115072K, reserved 1155072K
  class space    used 15256K, committed 15680K, reserved 1048576K
}
Event: 28.401 GC heap before
{Heap before GC invocations=63 (full 0):
 garbage-first heap   total 355328K, used 261833K [0x0000000080000000, 0x0000000100000000)
  region size 1024K, 100 young (102400K), 2 survivors (2048K)
 Metaspace       used 116969K, committed 117760K, reserved 1155072K
  class space    used 15794K, committed 16192K, reserved 1048576K
}
Event: 28.438 GC heap after
{Heap after GC invocations=64 (full 0):
 garbage-first heap   total 355328K, used 208837K [0x0000000080000000, 0x0000000100000000)
  region size 1024K, 13 young (13312K), 13 survivors (13312K)
 Metaspace       used 116969K, committed 117760K, reserved 1155072K
  class space    used 15794K, committed 16192K, reserved 1048576K
}
Event: 29.220 GC heap before
{Heap before GC invocations=64 (full 0):
 garbage-first heap   total 355328K, used 267205K [0x0000000080000000, 0x0000000100000000)
  region size 1024K, 71 young (72704K), 13 survivors (13312K)
 Metaspace       used 121119K, committed 121984K, reserved 1155072K
  class space    used 16396K, committed 16832K, reserved 1048576K
}
Event: 29.243 GC heap after
{Heap after GC invocations=65 (full 0):
 garbage-first heap   total 355328K, used 218112K [0x0000000080000000, 0x0000000100000000)
  region size 1024K, 7 young (7168K), 7 survivors (7168K)
 Metaspace       used 121119K, committed 121984K, reserved 1155072K
  class space    used 16396K, committed 16832K, reserved 1048576K
}

